Build started 3/20/2015 9:11:10 PM.
     1>Project "C:\Users\yetijones\Source\Repos\ece590-LEDCube\cube_backend\cube_backend\cube_backend.vcxproj" on node 2 (Build target(s)).
     1>ClCompile:
         C:\Program Files (x86)\Microsoft Visual Studio 12.0\VC\bin\CL.exe /c /ZI /nologo /W3 /WX- /Od /Oy- /D WIN32 /D _DEBUG /D _CONSOLE /D _LIB /D _UNICODE /D UNICODE /Gm /EHsc /RTC1 /MDd /GS /fp:precise /Zc:wchar_t /Zc:forScope /Fo"Debug\\" /Fd"Debug\vc120.pdb" /Gd /TP /analyze- /errorReport:prompt ..\..\cube_pc\3d.cpp ..\..\cube_pc\cube.cpp ..\..\cube_pc\draw.cpp ..\..\cube_pc\draw_3d.cpp ..\..\cube_pc\effect.cpp ..\..\cube_pc\font.cpp ..\..\cube_pc\gameoflife.cpp ..\..\cube_pc\main.cpp
         main.cpp
     1>c:\users\yetijones\source\repos\ece590-ledcube\cube_pc\main.cpp(24): error C2065: 'cubeUpdaterThread' : undeclared identifier
         gameoflife.cpp
         font.cpp
     1>c:\users\yetijones\source\repos\ece590-ledcube\cube_pc\font.cpp(71): warning C4101: 'i' : unreferenced local variable
     1>c:\users\yetijones\source\repos\ece590-ledcube\cube_pc\font.cpp(143): warning C4101: 'i' : unreferenced local variable
         effect.cpp
     1>c:\users\yetijones\source\repos\ece590-ledcube\cube_pc\effect.cpp(13): warning C4244: '=' : conversion from 'double' to 'int', possible loss of data
     1>c:\users\yetijones\source\repos\ece590-ledcube\cube_pc\effect.cpp(14): warning C4244: '=' : conversion from 'double' to 'int', possible loss of data
     1>c:\users\yetijones\source\repos\ece590-ledcube\cube_pc\effect.cpp(823): warning C4101: 'px' : unreferenced local variable
         draw_3d.cpp
     1>c:\users\yetijones\source\repos\ece590-ledcube\cube_pc\draw_3d.cpp(76): error C3861: 'line_3d': identifier not found
     1>c:\users\yetijones\source\repos\ece590-ledcube\cube_pc\draw_3d.cpp(77): error C3861: 'line_3d': identifier not found
     1>c:\users\yetijones\source\repos\ece590-ledcube\cube_pc\draw_3d.cpp(78): error C3861: 'line_3d': identifier not found
     1>c:\users\yetijones\source\repos\ece590-ledcube\cube_pc\draw_3d.cpp(79): error C3861: 'line_3d': identifier not found
     1>c:\users\yetijones\source\repos\ece590-ledcube\cube_pc\draw_3d.cpp(82): error C3861: 'line_3d': identifier not found
     1>c:\users\yetijones\source\repos\ece590-ledcube\cube_pc\draw_3d.cpp(83): error C3861: 'line_3d': identifier not found
     1>c:\users\yetijones\source\repos\ece590-ledcube\cube_pc\draw_3d.cpp(84): error C3861: 'line_3d': identifier not found
     1>c:\users\yetijones\source\repos\ece590-ledcube\cube_pc\draw_3d.cpp(85): error C3861: 'line_3d': identifier not found
     1>c:\users\yetijones\source\repos\ece590-ledcube\cube_pc\draw_3d.cpp(88): error C3861: 'line_3d': identifier not found
     1>c:\users\yetijones\source\repos\ece590-ledcube\cube_pc\draw_3d.cpp(89): error C3861: 'line_3d': identifier not found
     1>c:\users\yetijones\source\repos\ece590-ledcube\cube_pc\draw_3d.cpp(90): error C3861: 'line_3d': identifier not found
     1>c:\users\yetijones\source\repos\ece590-ledcube\cube_pc\draw_3d.cpp(91): error C3861: 'line_3d': identifier not found
         draw.cpp
     1>c:\users\yetijones\source\repos\ece590-ledcube\cube_pc\draw.cpp(287): error C2059: syntax error : 'bad suffix on number'
     1>c:\users\yetijones\source\repos\ece590-ledcube\cube_pc\draw.cpp(287): error C2146: syntax error : missing ')' before identifier 'b11111110'
     1>c:\users\yetijones\source\repos\ece590-ledcube\cube_pc\draw.cpp(287): error C2059: syntax error : ')'
     1>c:\users\yetijones\source\repos\ece590-ledcube\cube_pc\draw.cpp(288): error C2059: syntax error : 'bad suffix on number'
     1>c:\users\yetijones\source\repos\ece590-ledcube\cube_pc\draw.cpp(288): error C2146: syntax error : missing ')' before identifier 'b11111101'
     1>c:\users\yetijones\source\repos\ece590-ledcube\cube_pc\draw.cpp(288): error C2059: syntax error : ')'
     1>c:\users\yetijones\source\repos\ece590-ledcube\cube_pc\draw.cpp(289): error C2059: syntax error : 'bad suffix on number'
     1>c:\users\yetijones\source\repos\ece590-ledcube\cube_pc\draw.cpp(289): error C2146: syntax error : missing ')' before identifier 'b11111011'
     1>c:\users\yetijones\source\repos\ece590-ledcube\cube_pc\draw.cpp(289): error C2059: syntax error : ')'
     1>c:\users\yetijones\source\repos\ece590-ledcube\cube_pc\draw.cpp(290): error C2059: syntax error : 'bad suffix on number'
     1>c:\users\yetijones\source\repos\ece590-ledcube\cube_pc\draw.cpp(290): error C2146: syntax error : missing ')' before identifier 'b11110111'
     1>c:\users\yetijones\source\repos\ece590-ledcube\cube_pc\draw.cpp(290): error C2059: syntax error : ')'
     1>c:\users\yetijones\source\repos\ece590-ledcube\cube_pc\draw.cpp(291): error C2059: syntax error : 'bad suffix on number'
     1>c:\users\yetijones\source\repos\ece590-ledcube\cube_pc\draw.cpp(291): error C2146: syntax error : missing ')' before identifier 'b11101111'
     1>c:\users\yetijones\source\repos\ece590-ledcube\cube_pc\draw.cpp(291): error C2059: syntax error : ')'
     1>c:\users\yetijones\source\repos\ece590-ledcube\cube_pc\draw.cpp(292): error C2059: syntax error : 'bad suffix on number'
     1>c:\users\yetijones\source\repos\ece590-ledcube\cube_pc\draw.cpp(292): error C2146: syntax error : missing ')' before identifier 'b11011111'
     1>c:\users\yetijones\source\repos\ece590-ledcube\cube_pc\draw.cpp(292): error C2059: syntax error : ')'
     1>c:\users\yetijones\source\repos\ece590-ledcube\cube_pc\draw.cpp(293): error C2059: syntax error : 'bad suffix on number'
     1>c:\users\yetijones\source\repos\ece590-ledcube\cube_pc\draw.cpp(293): error C2146: syntax error : missing ')' before identifier 'b10111111'
     1>c:\users\yetijones\source\repos\ece590-ledcube\cube_pc\draw.cpp(293): error C2059: syntax error : ')'
     1>c:\users\yetijones\source\repos\ece590-ledcube\cube_pc\draw.cpp(294): error C2059: syntax error : 'bad suffix on number'
     1>c:\users\yetijones\source\repos\ece590-ledcube\cube_pc\draw.cpp(294): error C2146: syntax error : missing ')' before identifier 'b01111111'
     1>c:\users\yetijones\source\repos\ece590-ledcube\cube_pc\draw.cpp(294): error C2059: syntax error : ')'
     1>c:\users\yetijones\source\repos\ece590-ledcube\cube_pc\draw.cpp(340): warning C4244: '=' : conversion from 'float' to 'unsigned char', possible loss of data
     1>c:\users\yetijones\source\repos\ece590-ledcube\cube_pc\draw.cpp(341): warning C4244: '=' : conversion from 'float' to 'unsigned char', possible loss of data
     1>c:\users\yetijones\source\repos\ece590-ledcube\cube_pc\draw.cpp(349): error C2664: 'void *memcpy(void *,const void *,size_t)' : cannot convert argument 1 from 'volatile unsigned char [8][8]' to 'void *'
                 Conversion loses qualifiers
     1>c:\users\yetijones\source\repos\ece590-ledcube\cube_pc\draw.cpp(350): error C3861: 'usleep': identifier not found
     1>c:\users\yetijones\source\repos\ece590-ledcube\cube_pc\draw.cpp(548): warning C4244: '=' : conversion from 'int' to 'float', possible loss of data
     1>c:\users\yetijones\source\repos\ece590-ledcube\cube_pc\draw.cpp(549): error C2668: 'abs' : ambiguous call to overloaded function
                 c:\program files (x86)\microsoft visual studio 12.0\vc\include\stdlib.h(501): could be '__int64 abs(__int64) throw()'
                 c:\program files (x86)\microsoft visual studio 12.0\vc\include\stdlib.h(497): or       'long abs(long) throw()'
                 c:\program files (x86)\microsoft visual studio 12.0\vc\include\stdlib.h(384): or       'int abs(int)'
                 while trying to match the argument list '(float)'
     1>c:\users\yetijones\source\repos\ece590-ledcube\cube_pc\draw.cpp(550): warning C4244: '=' : conversion from 'int' to 'float', possible loss of data
     1>c:\users\yetijones\source\repos\ece590-ledcube\cube_pc\draw.cpp(551): error C2668: 'abs' : ambiguous call to overloaded function
                 c:\program files (x86)\microsoft visual studio 12.0\vc\include\stdlib.h(501): could be '__int64 abs(__int64) throw()'
                 c:\program files (x86)\microsoft visual studio 12.0\vc\include\stdlib.h(497): or       'long abs(long) throw()'
                 c:\program files (x86)\microsoft visual studio 12.0\vc\include\stdlib.h(384): or       'int abs(int)'
                 while trying to match the argument list '(float)'
     1>c:\users\yetijones\source\repos\ece590-ledcube\cube_pc\draw.cpp(552): warning C4244: '=' : conversion from 'int' to 'float', possible loss of data
     1>c:\users\yetijones\source\repos\ece590-ledcube\cube_pc\draw.cpp(553): error C2668: 'abs' : ambiguous call to overloaded function
                 c:\program files (x86)\microsoft visual studio 12.0\vc\include\stdlib.h(501): could be '__int64 abs(__int64) throw()'
                 c:\program files (x86)\microsoft visual studio 12.0\vc\include\stdlib.h(497): or       'long abs(long) throw()'
                 c:\program files (x86)\microsoft visual studio 12.0\vc\include\stdlib.h(384): or       'int abs(int)'
                 while trying to match the argument list '(float)'
     1>c:\users\yetijones\source\repos\ece590-ledcube\cube_pc\draw.cpp(629): error C2664: 'void *memcpy(void *,const void *,size_t)' : cannot convert argument 2 from 'volatile unsigned char [8][8]' to 'const void *'
                 Conversion loses qualifiers
     1>c:\users\yetijones\source\repos\ece590-ledcube\cube_pc\draw.cpp(647): error C2664: 'void *memcpy(void *,const void *,size_t)' : cannot convert argument 2 from 'volatile unsigned char [8][8]' to 'const void *'
                 Conversion loses qualifiers
     1>c:\users\yetijones\source\repos\ece590-ledcube\cube_pc\draw.cpp(669): error C2664: 'void *memcpy(void *,const void *,size_t)' : cannot convert argument 2 from 'volatile unsigned char [8][8]' to 'const void *'
                 Conversion loses qualifiers
         cube.cpp
     1>c:\users\yetijones\source\repos\ece590-ledcube\cube_pc\cube.cpp(31): error C3861: 'write': identifier not found
         3d.cpp
     1>c:\users\yetijones\source\repos\ece590-ledcube\cube_pc\3d.cpp(33): warning C4244: '=' : conversion from 'double' to 'float', possible loss of data
     1>c:\users\yetijones\source\repos\ece590-ledcube\cube_pc\3d.cpp(34): warning C4244: '=' : conversion from 'double' to 'float', possible loss of data
     1>c:\users\yetijones\source\repos\ece590-ledcube\cube_pc\3d.cpp(37): warning C4244: '=' : conversion from 'int' to 'float', possible loss of data
     1>c:\users\yetijones\source\repos\ece590-ledcube\cube_pc\3d.cpp(38): warning C4244: '=' : conversion from 'int' to 'float', possible loss of data
     1>c:\users\yetijones\source\repos\ece590-ledcube\cube_pc\3d.cpp(99): warning C4244: 'argument' : conversion from 'int' to 'float', possible loss of data
     1>c:\users\yetijones\source\repos\ece590-ledcube\cube_pc\3d.cpp(99): warning C4244: '=' : conversion from 'double' to 'float', possible loss of data
     1>c:\users\yetijones\source\repos\ece590-ledcube\cube_pc\3d.cpp(101): warning C4305: '=' : truncation from 'double' to 'float'
     1>c:\users\yetijones\source\repos\ece590-ledcube\cube_pc\3d.cpp(88): warning C4101: 'origin_y' : unreferenced local variable
     1>c:\users\yetijones\source\repos\ece590-ledcube\cube_pc\3d.cpp(88): warning C4101: 'origin_x' : unreferenced local variable
     1>c:\users\yetijones\source\repos\ece590-ledcube\cube_pc\3d.cpp(122): warning C4244: '=' : conversion from 'double' to 'float', possible loss of data
     1>c:\users\yetijones\source\repos\ece590-ledcube\cube_pc\3d.cpp(123): warning C4244: '=' : conversion from 'double' to 'float', possible loss of data
     1>c:\users\yetijones\source\repos\ece590-ledcube\cube_pc\3d.cpp(129): warning C4244: 'argument' : conversion from 'int' to 'float', possible loss of data
     1>c:\users\yetijones\source\repos\ece590-ledcube\cube_pc\3d.cpp(129): warning C4244: '=' : conversion from 'double' to 'float', possible loss of data
     1>c:\users\yetijones\source\repos\ece590-ledcube\cube_pc\3d.cpp(131): warning C4244: '=' : conversion from 'double' to 'float', possible loss of data
     1>c:\users\yetijones\source\repos\ece590-ledcube\cube_pc\3d.cpp(161): warning C4244: '=' : conversion from 'double' to 'float', possible loss of data
     1>c:\users\yetijones\source\repos\ece590-ledcube\cube_pc\3d.cpp(162): warning C4244: '=' : conversion from 'double' to 'float', possible loss of data
     1>c:\users\yetijones\source\repos\ece590-ledcube\cube_pc\3d.cpp(163): warning C4244: '=' : conversion from 'double' to 'float', possible loss of data
     1>c:\users\yetijones\source\repos\ece590-ledcube\cube_pc\3d.cpp(173): warning C4244: 'argument' : conversion from 'int' to 'float', possible loss of data
     1>c:\users\yetijones\source\repos\ece590-ledcube\cube_pc\3d.cpp(205): error C2057: expected constant expression
     1>c:\users\yetijones\source\repos\ece590-ledcube\cube_pc\3d.cpp(205): error C2466: cannot allocate an array of constant size 0
     1>c:\users\yetijones\source\repos\ece590-ledcube\cube_pc\3d.cpp(205): error C2133: 'particles' : unknown size
     1>c:\users\yetijones\source\repos\ece590-ledcube\cube_pc\3d.cpp(210): warning C4244: '=' : conversion from 'int' to 'float', possible loss of data
     1>c:\users\yetijones\source\repos\ece590-ledcube\cube_pc\3d.cpp(211): warning C4244: '=' : conversion from 'int' to 'float', possible loss of data
     1>c:\users\yetijones\source\repos\ece590-ledcube\cube_pc\3d.cpp(212): warning C4244: '=' : conversion from 'int' to 'float', possible loss of data
     1>c:\users\yetijones\source\repos\ece590-ledcube\cube_pc\3d.cpp(220): warning C4244: 'argument' : conversion from 'float' to 'int', possible loss of data
     1>c:\users\yetijones\source\repos\ece590-ledcube\cube_pc\3d.cpp(246): warning C4244: '=' : conversion from 'double' to 'float', possible loss of data
     1>c:\users\yetijones\source\repos\ece590-ledcube\cube_pc\3d.cpp(248): warning C4244: '=' : conversion from 'double' to 'float', possible loss of data
     1>c:\users\yetijones\source\repos\ece590-ledcube\cube_pc\3d.cpp(257): warning C4244: 'argument' : conversion from 'float' to 'int', possible loss of data
     1>c:\users\yetijones\source\repos\ece590-ledcube\cube_pc\3d.cpp(272): error C2057: expected constant expression
     1>c:\users\yetijones\source\repos\ece590-ledcube\cube_pc\3d.cpp(272): error C2466: cannot allocate an array of constant size 0
     1>c:\users\yetijones\source\repos\ece590-ledcube\cube_pc\3d.cpp(272): error C2133: 'points' : unknown size
     1>c:\users\yetijones\source\repos\ece590-ledcube\cube_pc\3d.cpp(273): error C2057: expected constant expression
     1>c:\users\yetijones\source\repos\ece590-ledcube\cube_pc\3d.cpp(273): error C2466: cannot allocate an array of constant size 0
     1>c:\users\yetijones\source\repos\ece590-ledcube\cube_pc\3d.cpp(273): error C2133: 'rotated' : unknown size
         Generating Code...
     1>c:\users\yetijones\source\repos\ece590-ledcube\cube_pc\font.cpp(154): error C4716: 'font_getbitmappixel' : must return a value
     1>Done Building Project "C:\Users\yetijones\Source\Repos\ece590-LEDCube\cube_backend\cube_backend\cube_backend.vcxproj" (Build target(s)) -- FAILED.

Build FAILED.

Time Elapsed 00:00:02.32
